<?xml version="1.0" encoding="UTF-8"?>
<!-- Generated by org.testng.reporters.JUnitXMLReporter -->
<testsuite hostname="Egy-Mshafe-nb" name="Firefox" tests="17" failures="0" timestamp="16 Feb 2018 21:48:32 GMT" time="21.875" errors="0">
  <testcase name="navigate_to_add_computer_screen" time="1.352" classname="tests.HomePageTest"/>
  <testcase name="search_for_non_existing_computer" time="0.727" classname="tests.HomePageTest"/>
  <testcase name="validate_header_name" time="0.266" classname="tests.HomePageTest"/>
  <testcase name="add_New_Computer_With_All_Fields" time="1.961" classname="tests.AddNewComputerTest"/>
  <testcase name="add_New_Computer_With_Invalid_Discontinued_Dates" time="0.892" classname="tests.AddNewComputerTest"/>
  <testcase name="add_New_Computer_With_Invalid_Introduced_Dates" time="0.824" classname="tests.AddNewComputerTest"/>
  <testcase name="add_New_Computer_With_No_Inputs" time="0.522" classname="tests.AddNewComputerTest"/>
  <testcase name="add_New_Computer_With_Required_Fields" time="1.666" classname="tests.AddNewComputerTest"/>
  <testcase name="cancel_Add_New_Computer" time="0.499" classname="tests.AddNewComputerTest"/>
  <testcase name="validate_Header_Name" time="0.262" classname="tests.AddNewComputerTest"/>
  <testcase name="add_New_Computer_With_All_Fields" time="0.728" classname="tests.UpdateComputerTest"/>
  <testcase name="validate_Header_Name" time="0.781" classname="tests.UpdateComputerTest"/>
  <testcase name="update_Computer_Name_With_No_Value" time="1.109" classname="tests.UpdateComputerTest"/>
  <testcase name="cancel_Update_Computer" time="1.041" classname="tests.UpdateComputerTest"/>
  <testcase name="update_Computer_With_All_Fields" time="2.525" classname="tests.UpdateComputerTest"/>
  <testcase name="add_New_Computer_With_All_Fields" time="0.942" classname="tests.DeleteComputerTest"/>
  <testcase name="delete_Computer" time="1.182" classname="tests.DeleteComputerTest"/>
</testsuite> <!-- Firefox -->
