<?xml version="1.0" encoding="UTF-8"?>
<!-- Generated by org.testng.reporters.JUnitXMLReporter -->
<testsuite hostname="Egy-Mshafe-nb" name="Google Chrome" tests="17" failures="0" timestamp="16 Feb 2018 21:48:55 GMT" time="22.908" errors="0">
  <testcase name="navigate_to_add_computer_screen" time="1.654" classname="tests.HomePageTest"/>
  <testcase name="search_for_non_existing_computer" time="0.704" classname="tests.HomePageTest"/>
  <testcase name="validate_header_name" time="0.221" classname="tests.HomePageTest"/>
  <testcase name="add_New_Computer_With_All_Fields" time="1.145" classname="tests.DeleteComputerTest"/>
  <testcase name="delete_Computer" time="1.364" classname="tests.DeleteComputerTest"/>
  <testcase name="add_New_Computer_With_All_Fields" time="2.093" classname="tests.AddNewComputerTest"/>
  <testcase name="add_New_Computer_With_Invalid_Discontinued_Dates" time="0.976" classname="tests.AddNewComputerTest"/>
  <testcase name="add_New_Computer_With_Invalid_Introduced_Dates" time="0.963" classname="tests.AddNewComputerTest"/>
  <testcase name="add_New_Computer_With_No_Inputs" time="0.516" classname="tests.AddNewComputerTest"/>
  <testcase name="add_New_Computer_With_Required_Fields" time="1.845" classname="tests.AddNewComputerTest"/>
  <testcase name="cancel_Add_New_Computer" time="0.542" classname="tests.AddNewComputerTest"/>
  <testcase name="validate_Header_Name" time="0.251" classname="tests.AddNewComputerTest"/>
  <testcase name="add_New_Computer_With_All_Fields" time="0.927" classname="tests.UpdateComputerTest"/>
  <testcase name="validate_Header_Name" time="0.925" classname="tests.UpdateComputerTest"/>
  <testcase name="update_Computer_Name_With_No_Value" time="1.172" classname="tests.UpdateComputerTest"/>
  <testcase name="cancel_Update_Computer" time="1.1" classname="tests.UpdateComputerTest"/>
  <testcase name="update_Computer_With_All_Fields" time="2.873" classname="tests.UpdateComputerTest"/>
</testsuite> <!-- Google Chrome -->
