<?xml version="1.0" encoding="UTF-8"?>
<testng-results skipped="0" failed="0" total="3" passed="3">
  <reporter-output>
  </reporter-output>
  <suite name="RegressionTest" duration-ms="6026" started-at="2018-02-16T21:46:18Z" finished-at="2018-02-16T21:46:24Z">
    <groups>
    </groups>
    <test name="Firefox" duration-ms="6026" started-at="2018-02-16T21:46:18Z" finished-at="2018-02-16T21:46:24Z">
      <class name="tests.HomePageTest">
        <test-method status="PASS" signature="openBrowser(java.lang.String)[pri:0, instance:tests.HomePageTest@18be83e4]" name="openBrowser" is-config="true" duration-ms="3552" started-at="2018-02-16T23:46:18Z" finished-at="2018-02-16T23:46:22Z">
          <params>
            <param index="0">
              <value>
                <![CDATA[firefox]]>
              </value>
            </param>
          </params>
          <reporter-output>
          </reporter-output>
        </test-method> <!-- openBrowser -->
        <test-method status="PASS" signature="navigate_to_add_computer_screen()[pri:0, instance:tests.HomePageTest@18be83e4]" name="navigate_to_add_computer_screen" duration-ms="1471" started-at="2018-02-16T23:46:22Z" finished-at="2018-02-16T23:46:23Z">
          <reporter-output>
          </reporter-output>
        </test-method> <!-- navigate_to_add_computer_screen -->
        <test-method status="PASS" signature="search_for_non_existing_computer()[pri:0, instance:tests.HomePageTest@18be83e4]" name="search_for_non_existing_computer" duration-ms="611" started-at="2018-02-16T23:46:23Z" finished-at="2018-02-16T23:46:24Z">
          <reporter-output>
          </reporter-output>
        </test-method> <!-- search_for_non_existing_computer -->
        <test-method status="PASS" signature="validate_header_name()[pri:0, instance:tests.HomePageTest@18be83e4]" name="validate_header_name" duration-ms="268" started-at="2018-02-16T23:46:24Z" finished-at="2018-02-16T23:46:24Z">
          <reporter-output>
          </reporter-output>
        </test-method> <!-- validate_header_name -->
        <test-method status="PASS" signature="teardown()[pri:0, instance:tests.HomePageTest@18be83e4]" name="teardown" is-config="true" duration-ms="97" started-at="2018-02-16T23:46:24Z" finished-at="2018-02-16T23:46:24Z">
          <reporter-output>
          </reporter-output>
        </test-method> <!-- teardown -->
      </class> <!-- tests.HomePageTest -->
    </test> <!-- Firefox -->
  </suite> <!-- RegressionTest -->
</testng-results>
