<?xml version="1.0" encoding="UTF-8"?>
<testng-results skipped="0" failed="0" total="7" passed="7">
  <reporter-output>
  </reporter-output>
  <suite name="RegressionTest" duration-ms="12458" started-at="2018-02-16T21:34:41Z" finished-at="2018-02-16T21:34:53Z">
    <groups>
    </groups>
    <test name="Firefox" duration-ms="12458" started-at="2018-02-16T21:34:41Z" finished-at="2018-02-16T21:34:53Z">
      <class name="tests.AddNewComputerTest">
        <test-method status="PASS" signature="openBrowser(java.lang.String)[pri:0, instance:tests.AddNewComputerTest@4b9e13df]" name="openBrowser" is-config="true" duration-ms="3499" started-at="2018-02-16T23:34:41Z" finished-at="2018-02-16T23:34:44Z">
          <params>
            <param index="0">
              <value>
                <![CDATA[firefox]]>
              </value>
            </param>
          </params>
          <reporter-output>
          </reporter-output>
        </test-method> <!-- openBrowser -->
        <test-method status="PASS" signature="add_New_Computer_With_All_Fields(java.lang.String, java.lang.String, java.lang.String, java.lang.String)[pri:0, instance:tests.AddNewComputerTest@4b9e13df]" name="add_New_Computer_With_All_Fields" duration-ms="3185" started-at="2018-02-16T23:34:45Z" data-provider="DataForNewComputerAllFields" finished-at="2018-02-16T23:34:48Z">
          <params>
            <param index="0">
              <value>
                <![CDATA[MComputerAll]]>
              </value>
            </param>
            <param index="1">
              <value>
                <![CDATA[2018-01-02]]>
              </value>
            </param>
            <param index="2">
              <value>
                <![CDATA[2019-01-01]]>
              </value>
            </param>
            <param index="3">
              <value>
                <![CDATA[IBM]]>
              </value>
            </param>
          </params>
          <reporter-output>
          </reporter-output>
        </test-method> <!-- add_New_Computer_With_All_Fields -->
        <test-method status="PASS" signature="add_New_Computer_With_Invalid_Discontinued_Dates(java.lang.String, java.lang.String, java.lang.String, java.lang.String)[pri:0, instance:tests.AddNewComputerTest@4b9e13df]" name="add_New_Computer_With_Invalid_Discontinued_Dates" duration-ms="910" started-at="2018-02-16T23:34:48Z" data-provider="DataForNewComputerWithInvalidDiscontinuedDates" finished-at="2018-02-16T23:34:49Z">
          <params>
            <param index="0">
              <value>
                <![CDATA[MComputerAll_Invalid_DisconDate]]>
              </value>
            </param>
            <param index="1">
              <value>
                <![CDATA[2019-01-01]]>
              </value>
            </param>
            <param index="2">
              <value>
                <![CDATA[101/22/2019]]>
              </value>
            </param>
            <param index="3">
              <value>
                <![CDATA[IBM]]>
              </value>
            </param>
          </params>
          <reporter-output>
          </reporter-output>
        </test-method> <!-- add_New_Computer_With_Invalid_Discontinued_Dates -->
        <test-method status="PASS" signature="add_New_Computer_With_Invalid_Introduced_Dates(java.lang.String, java.lang.String, java.lang.String, java.lang.String)[pri:0, instance:tests.AddNewComputerTest@4b9e13df]" name="add_New_Computer_With_Invalid_Introduced_Dates" duration-ms="849" started-at="2018-02-16T23:34:49Z" data-provider="DataForNewComputerWithInvalidIntroducedDates" finished-at="2018-02-16T23:34:50Z">
          <params>
            <param index="0">
              <value>
                <![CDATA[MComputerAll_Invalid_IntroDate]]>
              </value>
            </param>
            <param index="1">
              <value>
                <![CDATA[34/33/2018]]>
              </value>
            </param>
            <param index="2">
              <value>
                <![CDATA[2019-01-06]]>
              </value>
            </param>
            <param index="3">
              <value>
                <![CDATA[IBM]]>
              </value>
            </param>
          </params>
          <reporter-output>
          </reporter-output>
        </test-method> <!-- add_New_Computer_With_Invalid_Introduced_Dates -->
        <test-method status="PASS" signature="add_New_Computer_With_No_Inputs()[pri:0, instance:tests.AddNewComputerTest@4b9e13df]" name="add_New_Computer_With_No_Inputs" duration-ms="538" started-at="2018-02-16T23:34:50Z" finished-at="2018-02-16T23:34:51Z">
          <reporter-output>
          </reporter-output>
        </test-method> <!-- add_New_Computer_With_No_Inputs -->
        <test-method status="PASS" signature="add_New_Computer_With_Required_Fields(java.lang.String, java.lang.String, java.lang.String, java.lang.String)[pri:0, instance:tests.AddNewComputerTest@4b9e13df]" name="add_New_Computer_With_Required_Fields" duration-ms="1702" started-at="2018-02-16T23:34:51Z" data-provider="DataForNewComputerOnly" finished-at="2018-02-16T23:34:52Z">
          <params>
            <param index="0">
              <value>
                <![CDATA[Mcomputer]]>
              </value>
            </param>
            <param index="1">
              <value>
                <![CDATA[]]>
              </value>
            </param>
            <param index="2">
              <value>
                <![CDATA[]]>
              </value>
            </param>
            <param index="3">
              <value>
                <![CDATA[]]>
              </value>
            </param>
          </params>
          <reporter-output>
          </reporter-output>
        </test-method> <!-- add_New_Computer_With_Required_Fields -->
        <test-method status="PASS" signature="cancel_Add_New_Computer()[pri:0, instance:tests.AddNewComputerTest@4b9e13df]" name="cancel_Add_New_Computer" duration-ms="517" started-at="2018-02-16T23:34:52Z" finished-at="2018-02-16T23:34:53Z">
          <reporter-output>
          </reporter-output>
        </test-method> <!-- cancel_Add_New_Computer -->
        <test-method status="PASS" signature="validate_Header_Name()[pri:0, instance:tests.AddNewComputerTest@4b9e13df]" name="validate_Header_Name" duration-ms="270" started-at="2018-02-16T23:34:53Z" finished-at="2018-02-16T23:34:53Z">
          <reporter-output>
          </reporter-output>
        </test-method> <!-- validate_Header_Name -->
        <test-method status="PASS" signature="teardown()[pri:0, instance:tests.AddNewComputerTest@4b9e13df]" name="teardown" is-config="true" duration-ms="87" started-at="2018-02-16T23:34:53Z" finished-at="2018-02-16T23:34:53Z">
          <reporter-output>
          </reporter-output>
        </test-method> <!-- teardown -->
      </class> <!-- tests.AddNewComputerTest -->
    </test> <!-- Firefox -->
  </suite> <!-- RegressionTest -->
</testng-results>
